<?xml version="1.0" encoding="UTF-8"?>
<!-- Generated by org.testng.reporters.JUnitReportReporter -->
<testsuite hostname="Chan.local" name="uitests.smoke.chancreated" tests="6" failures="0" timestamp="29 Jun 2016 05:49:24 GMT" time="0.673" errors="0">
  <testcase name="testMethod2" time="0.107" classname="uitests.smoke.chancreated"/>
  <testcase name="testMethod4" time="0.116" classname="uitests.smoke.chancreated"/>
  <testcase name="testMethod3" time="0.049" classname="uitests.smoke.chancreated"/>
  <testcase name="testMethod1" time="0.288" classname="uitests.smoke.chancreated"/>
  <testcase name="testMethod5" time="0.055" classname="uitests.smoke.chancreated"/>
  <testcase name="testMethod6" time="0.058" classname="uitests.smoke.chancreated"/>
</testsuite> <!-- uitests.smoke.chancreated -->
