<?xml version="1.0" encoding="UTF-8"?>
<!-- Generated by org.testng.reporters.JUnitReportReporter -->
<testsuite hostname="Chan.local" name="uitests.smoke.SampleTestClass" tests="5" failures="0" timestamp="29 Jun 2016 05:49:24 GMT" time="0.519" errors="0">
  <testcase name="testMethod13" time="0.124" classname="uitests.smoke.SampleTestClass"/>
  <testcase name="testMethod15" time="0.051" classname="uitests.smoke.SampleTestClass"/>
  <testcase name="testMethod12" time="0.075" classname="uitests.smoke.SampleTestClass"/>
  <testcase name="testMethod11" time="0.069" classname="uitests.smoke.SampleTestClass"/>
  <testcase name="testMethod" time="0.200" classname="uitests.smoke.SampleTestClass"/>
</testsuite> <!-- uitests.smoke.SampleTestClass -->
