<?xml version="1.0" encoding="UTF-8" ?>
<testsuite tests="11" failures="0" name="TestSuite" time="26.474" errors="0" skipped="0">
  <properties>
    <property name="java.runtime.name" value="Java(TM) SE Runtime Environment"/>
    <property name="sun.boot.library.path" value="/Library/Java/JavaVirtualMachines/jdk1.8.0_73.jdk/Contents/Home/jre/lib"/>
    <property name="java.vm.version" value="25.73-b02"/>
    <property name="browser" value="firefox"/>
    <property name="browser_version" value="32.0"/>
    <property name="user.country.format" value="IN"/>
    <property name="gopherProxySet" value="false"/>
    <property name="java.vm.vendor" value="Oracle Corporation"/>
    <property name="java.vendor.url" value="http://java.oracle.com/"/>
    <property name="path.separator" value=":"/>
    <property name="java.vm.name" value="Java HotSpot(TM) 64-Bit Server VM"/>
    <property name="file.encoding.pkg" value="sun.io"/>
    <property name="user.country" value="US"/>
    <property name="sun.java.launcher" value="SUN_STANDARD"/>
    <property name="sun.os.patch.level" value="unknown"/>
    <property name="java.vm.specification.name" value="Java Virtual Machine Specification"/>
    <property name="user.dir" value="/Users/chan/git/CustomReportJava/Freshservice QA Automation"/>
    <property name="java.runtime.version" value="1.8.0_73-b02"/>
    <property name="java.awt.graphicsenv" value="sun.awt.CGraphicsEnvironment"/>
    <property name="basedir" value="/Users/chan/git/CustomReportJava/Freshservice QA Automation"/>
    <property name="java.endorsed.dirs" value="/Library/Java/JavaVirtualMachines/jdk1.8.0_73.jdk/Contents/Home/jre/lib/endorsed"/>
    <property name="os.arch" value="x86_64"/>
    <property name="surefire.real.class.path" value="/Users/chan/git/CustomReportJava/Freshservice QA Automation/target/surefire/surefirebooter8493871416190282656.jar"/>
    <property name="java.io.tmpdir" value="/var/folders/83/dt471b3s0sg0vtyf1_kqxl3r0000gp/T/"/>
    <property name="line.separator" value="
"/>
    <property name="java.vm.specification.vendor" value="Oracle Corporation"/>
    <property name="os.name" value="Mac OS X"/>
    <property name="os_version" value="7"/>
    <property name="sun.jnu.encoding" value="UTF-8"/>
    <property name="java.library.path" value="/Users/chan/Library/Java/Extensions:/Library/Java/Extensions:/Network/Library/Java/Extensions:/System/Library/Java/Extensions:/usr/lib/java:."/>
    <property name="surefire.test.class.path" value="/Users/chan/git/CustomReportJava/Freshservice QA Automation/target/test-classes:/Users/chan/git/CustomReportJava/Freshservice QA Automation/target/classes:/Users/chan/.m2/repository/org/seleniumhq/selenium/selenium-java/2.44.0/selenium-java-2.44.0.jar:/Users/chan/.m2/repository/org/seleniumhq/selenium/selenium-chrome-driver/2.44.0/selenium-chrome-driver-2.44.0.jar:/Users/chan/.m2/repository/org/seleniumhq/selenium/selenium-remote-driver/2.44.0/selenium-remote-driver-2.44.0.jar:/Users/chan/.m2/repository/cglib/cglib-nodep/2.1_3/cglib-nodep-2.1_3.jar:/Users/chan/.m2/repository/com/google/code/gson/gson/2.3/gson-2.3.jar:/Users/chan/.m2/repository/org/seleniumhq/selenium/selenium-api/2.44.0/selenium-api-2.44.0.jar:/Users/chan/.m2/repository/org/seleniumhq/selenium/selenium-htmlunit-driver/2.44.0/selenium-htmlunit-driver-2.44.0.jar:/Users/chan/.m2/repository/net/sourceforge/htmlunit/htmlunit/2.15/htmlunit-2.15.jar:/Users/chan/.m2/repository/xalan/xalan/2.7.1/xalan-2.7.1.jar:/Users/chan/.m2/repository/xalan/serializer/2.7.1/serializer-2.7.1.jar:/Users/chan/.m2/repository/org/apache/commons/commons-lang3/3.3.2/commons-lang3-3.3.2.jar:/Users/chan/.m2/repository/org/apache/httpcomponents/httpmime/4.3.3/httpmime-4.3.3.jar:/Users/chan/.m2/repository/net/sourceforge/htmlunit/htmlunit-core-js/2.15/htmlunit-core-js-2.15.jar:/Users/chan/.m2/repository/xerces/xercesImpl/2.11.0/xercesImpl-2.11.0.jar:/Users/chan/.m2/repository/net/sourceforge/nekohtml/nekohtml/1.9.21/nekohtml-1.9.21.jar:/Users/chan/.m2/repository/net/sourceforge/cssparser/cssparser/0.9.14/cssparser-0.9.14.jar:/Users/chan/.m2/repository/org/w3c/css/sac/1.3/sac-1.3.jar:/Users/chan/.m2/repository/org/eclipse/jetty/jetty-websocket/8.1.15.v20140411/jetty-websocket-8.1.15.v20140411.jar:/Users/chan/.m2/repository/org/eclipse/jetty/jetty-util/8.1.15.v20140411/jetty-util-8.1.15.v20140411.jar:/Users/chan/.m2/repository/org/eclipse/jetty/jetty-io/8.1.15.v20140411/jetty-io-8.1.15.v20140411.jar:/Users/chan/.m2/repository/org/eclipse/jetty/jetty-http/8.1.15.v20140411/jetty-http-8.1.15.v20140411.jar:/Users/chan/.m2/repository/org/apache/httpcomponents/httpclient/4.3.4/httpclient-4.3.4.jar:/Users/chan/.m2/repository/org/apache/httpcomponents/httpcore/4.3.2/httpcore-4.3.2.jar:/Users/chan/.m2/repository/org/seleniumhq/selenium/selenium-firefox-driver/2.44.0/selenium-firefox-driver-2.44.0.jar:/Users/chan/.m2/repository/org/apache/commons/commons-exec/1.1/commons-exec-1.1.jar:/Users/chan/.m2/repository/org/seleniumhq/selenium/selenium-ie-driver/2.44.0/selenium-ie-driver-2.44.0.jar:/Users/chan/.m2/repository/net/java/dev/jna/jna/3.4.0/jna-3.4.0.jar:/Users/chan/.m2/repository/net/java/dev/jna/platform/3.4.0/platform-3.4.0.jar:/Users/chan/.m2/repository/org/seleniumhq/selenium/selenium-safari-driver/2.44.0/selenium-safari-driver-2.44.0.jar:/Users/chan/.m2/repository/org/seleniumhq/selenium/selenium-support/2.44.0/selenium-support-2.44.0.jar:/Users/chan/.m2/repository/org/webbitserver/webbit/0.4.14/webbit-0.4.14.jar:/Users/chan/.m2/repository/io/netty/netty/3.5.2.Final/netty-3.5.2.Final.jar:/Users/chan/.m2/repository/org/seleniumhq/selenium/selenium-server/2.44.0/selenium-server-2.44.0.jar:/Users/chan/.m2/repository/org/bouncycastle/bcprov-jdk15on/1.48/bcprov-jdk15on-1.48.jar:/Users/chan/.m2/repository/org/bouncycastle/bcpkix-jdk15on/1.48/bcpkix-jdk15on-1.48.jar:/Users/chan/.m2/repository/mx4j/mx4j-tools/3.0.1/mx4j-tools-3.0.1.jar:/Users/chan/.m2/repository/org/mortbay/jetty/servlet-api-2.5/6.1.9/servlet-api-2.5-6.1.9.jar:/Users/chan/.m2/repository/org/seleniumhq/selenium/jetty-repacked/7.6.1/jetty-repacked-7.6.1.jar:/Users/chan/.m2/repository/org/seleniumhq/selenium/jetty-rc-repacked/5/jetty-rc-repacked-5.jar:/Users/chan/.m2/repository/net/jcip/jcip-annotations/1.0/jcip-annotations-1.0.jar:/Users/chan/.m2/repository/org/yaml/snakeyaml/1.8/snakeyaml-1.8.jar:/Users/chan/.m2/repository/commons-codec/commons-codec/1.9/commons-codec-1.9.jar:/Users/chan/.m2/repository/sax/sax/2.0.1/sax-2.0.1.jar:/Users/chan/.m2/repository/log4j/log4j/1.2.17/log4j-1.2.17.jar:/Users/chan/.m2/repository/org/fluttercode/datafactory/datafactory/0.8/datafactory-0.8.jar:/Users/chan/.m2/repository/javax/mail/mail/1.4/mail-1.4.jar:/Users/chan/.m2/repository/javax/activation/activation/1.1/activation-1.1.jar:/Users/chan/.m2/repository/br/eti/kinoshita/testlink-java-api/1.9.8-1/testlink-java-api-1.9.8-1.jar:/Users/chan/.m2/repository/commons-lang/commons-lang/2.5/commons-lang-2.5.jar:/Users/chan/.m2/repository/commons-io/commons-io/2.0.1/commons-io-2.0.1.jar:/Users/chan/.m2/repository/org/slf4j/slf4j-simple/1.7.5/slf4j-simple-1.7.5.jar:/Users/chan/.m2/repository/commons-configuration/commons-configuration/1.7/commons-configuration-1.7.jar:/Users/chan/.m2/repository/commons-collections/commons-collections/3.2.1/commons-collections-3.2.1.jar:/Users/chan/.m2/repository/commons-logging/commons-logging/1.1.1/commons-logging-1.1.1.jar:/Users/chan/.m2/repository/commons-digester/commons-digester/1.8.1/commons-digester-1.8.1.jar:/Users/chan/.m2/repository/commons-beanutils/commons-beanutils/1.8.3/commons-beanutils-1.8.3.jar:/Users/chan/.m2/repository/org/apache/xmlrpc/xmlrpc-common/3.1.3/xmlrpc-common-3.1.3.jar:/Users/chan/.m2/repository/org/apache/ws/commons/util/ws-commons-util/1.0.2/ws-commons-util-1.0.2.jar:/Users/chan/.m2/repository/junit/junit/3.8.1/junit-3.8.1.jar:/Users/chan/.m2/repository/org/apache/xmlrpc/xmlrpc-client/3.1.3/xmlrpc-client-3.1.3.jar:/Users/chan/.m2/repository/commons-httpclient/commons-httpclient/3.1/commons-httpclient-3.1.jar:/Users/chan/.m2/repository/org/jsoup/jsoup/1.7.3/jsoup-1.7.3.jar:/Users/chan/.m2/repository/xml-apis/xml-apis/1.4.01/xml-apis-1.4.01.jar:/Users/chan/.m2/repository/com/googlecode/json-simple/json-simple/1.1/json-simple-1.1.jar:/Users/chan/.m2/repository/org/testng/testng/6.8.8/testng-6.8.8.jar:/Users/chan/.m2/repository/org/beanshell/bsh/2.0b4/bsh-2.0b4.jar:/Users/chan/.m2/repository/com/beust/jcommander/1.27/jcommander-1.27.jar:/Users/chan/.m2/repository/com/thoughtworks/xstream/xstream/1.4.2/xstream-1.4.2.jar:/Users/chan/.m2/repository/xmlpull/xmlpull/1.1.3.1/xmlpull-1.1.3.1.jar:/Users/chan/.m2/repository/xpp3/xpp3_min/1.1.4c/xpp3_min-1.1.4c.jar:/Users/chan/.m2/repository/org/sikuli/sikuli-api/1.2.0/sikuli-api-1.2.0.jar:/Users/chan/.m2/repository/org/sikuli/sikuli-core/1.2.2/sikuli-core-1.2.2.jar:/Users/chan/.m2/repository/org/bytedeco/javacpp/0.9/javacpp-0.9.jar:/Users/chan/.m2/repository/org/bytedeco/javacpp-presets/opencv/2.4.9-0.9/opencv-2.4.9-0.9.jar:/Users/chan/.m2/repository/com/google/guava/guava/14.0.1/guava-14.0.1.jar:/Users/chan/.m2/repository/org/piccolo2d/piccolo2d-extras/1.3.1/piccolo2d-extras-1.3.1.jar:/Users/chan/.m2/repository/org/piccolo2d/piccolo2d-core/1.3.1/piccolo2d-core-1.3.1.jar:/Users/chan/.m2/repository/org/slf4j/slf4j-api/1.6.6/slf4j-api-1.6.6.jar:/Users/chan/.m2/repository/org/apache/maven/surefire/surefire-testng-utils/2.8.1/surefire-testng-utils-2.8.1.jar:"/>
    <property name="java.specification.name" value="Java Platform API Specification"/>
    <property name="java.class.version" value="52.0"/>
    <property name="sun.management.compiler" value="HotSpot 64-Bit Tiered Compilers"/>
    <property name="os.version" value="10.10.2"/>
    <property name="http.nonProxyHosts" value="local|*.local|169.254/16|*.169.254/16"/>
    <property name="user.home" value="/Users/chan"/>
    <property name="os" value="windows"/>
    <property name="user.timezone" value="Asia/Kolkata"/>
    <property name="java.awt.printerjob" value="sun.lwawt.macosx.CPrinterJob"/>
    <property name="java.specification.version" value="1.8"/>
    <property name="file.encoding" value="UTF-8"/>
    <property name="user.name" value="Chandrasekar"/>
    <property name="java.class.path" value="/Users/chan/git/CustomReportJava/Freshservice QA Automation/target/test-classes:/Users/chan/git/CustomReportJava/Freshservice QA Automation/target/classes:/Users/chan/.m2/repository/org/seleniumhq/selenium/selenium-java/2.44.0/selenium-java-2.44.0.jar:/Users/chan/.m2/repository/org/seleniumhq/selenium/selenium-chrome-driver/2.44.0/selenium-chrome-driver-2.44.0.jar:/Users/chan/.m2/repository/org/seleniumhq/selenium/selenium-remote-driver/2.44.0/selenium-remote-driver-2.44.0.jar:/Users/chan/.m2/repository/cglib/cglib-nodep/2.1_3/cglib-nodep-2.1_3.jar:/Users/chan/.m2/repository/com/google/code/gson/gson/2.3/gson-2.3.jar:/Users/chan/.m2/repository/org/seleniumhq/selenium/selenium-api/2.44.0/selenium-api-2.44.0.jar:/Users/chan/.m2/repository/org/seleniumhq/selenium/selenium-htmlunit-driver/2.44.0/selenium-htmlunit-driver-2.44.0.jar:/Users/chan/.m2/repository/net/sourceforge/htmlunit/htmlunit/2.15/htmlunit-2.15.jar:/Users/chan/.m2/repository/xalan/xalan/2.7.1/xalan-2.7.1.jar:/Users/chan/.m2/repository/xalan/serializer/2.7.1/serializer-2.7.1.jar:/Users/chan/.m2/repository/org/apache/commons/commons-lang3/3.3.2/commons-lang3-3.3.2.jar:/Users/chan/.m2/repository/org/apache/httpcomponents/httpmime/4.3.3/httpmime-4.3.3.jar:/Users/chan/.m2/repository/net/sourceforge/htmlunit/htmlunit-core-js/2.15/htmlunit-core-js-2.15.jar:/Users/chan/.m2/repository/xerces/xercesImpl/2.11.0/xercesImpl-2.11.0.jar:/Users/chan/.m2/repository/net/sourceforge/nekohtml/nekohtml/1.9.21/nekohtml-1.9.21.jar:/Users/chan/.m2/repository/net/sourceforge/cssparser/cssparser/0.9.14/cssparser-0.9.14.jar:/Users/chan/.m2/repository/org/w3c/css/sac/1.3/sac-1.3.jar:/Users/chan/.m2/repository/org/eclipse/jetty/jetty-websocket/8.1.15.v20140411/jetty-websocket-8.1.15.v20140411.jar:/Users/chan/.m2/repository/org/eclipse/jetty/jetty-util/8.1.15.v20140411/jetty-util-8.1.15.v20140411.jar:/Users/chan/.m2/repository/org/eclipse/jetty/jetty-io/8.1.15.v20140411/jetty-io-8.1.15.v20140411.jar:/Users/chan/.m2/repository/org/eclipse/jetty/jetty-http/8.1.15.v20140411/jetty-http-8.1.15.v20140411.jar:/Users/chan/.m2/repository/org/apache/httpcomponents/httpclient/4.3.4/httpclient-4.3.4.jar:/Users/chan/.m2/repository/org/apache/httpcomponents/httpcore/4.3.2/httpcore-4.3.2.jar:/Users/chan/.m2/repository/org/seleniumhq/selenium/selenium-firefox-driver/2.44.0/selenium-firefox-driver-2.44.0.jar:/Users/chan/.m2/repository/org/apache/commons/commons-exec/1.1/commons-exec-1.1.jar:/Users/chan/.m2/repository/org/seleniumhq/selenium/selenium-ie-driver/2.44.0/selenium-ie-driver-2.44.0.jar:/Users/chan/.m2/repository/net/java/dev/jna/jna/3.4.0/jna-3.4.0.jar:/Users/chan/.m2/repository/net/java/dev/jna/platform/3.4.0/platform-3.4.0.jar:/Users/chan/.m2/repository/org/seleniumhq/selenium/selenium-safari-driver/2.44.0/selenium-safari-driver-2.44.0.jar:/Users/chan/.m2/repository/org/seleniumhq/selenium/selenium-support/2.44.0/selenium-support-2.44.0.jar:/Users/chan/.m2/repository/org/webbitserver/webbit/0.4.14/webbit-0.4.14.jar:/Users/chan/.m2/repository/io/netty/netty/3.5.2.Final/netty-3.5.2.Final.jar:/Users/chan/.m2/repository/org/seleniumhq/selenium/selenium-server/2.44.0/selenium-server-2.44.0.jar:/Users/chan/.m2/repository/org/bouncycastle/bcprov-jdk15on/1.48/bcprov-jdk15on-1.48.jar:/Users/chan/.m2/repository/org/bouncycastle/bcpkix-jdk15on/1.48/bcpkix-jdk15on-1.48.jar:/Users/chan/.m2/repository/mx4j/mx4j-tools/3.0.1/mx4j-tools-3.0.1.jar:/Users/chan/.m2/repository/org/mortbay/jetty/servlet-api-2.5/6.1.9/servlet-api-2.5-6.1.9.jar:/Users/chan/.m2/repository/org/seleniumhq/selenium/jetty-repacked/7.6.1/jetty-repacked-7.6.1.jar:/Users/chan/.m2/repository/org/seleniumhq/selenium/jetty-rc-repacked/5/jetty-rc-repacked-5.jar:/Users/chan/.m2/repository/net/jcip/jcip-annotations/1.0/jcip-annotations-1.0.jar:/Users/chan/.m2/repository/org/yaml/snakeyaml/1.8/snakeyaml-1.8.jar:/Users/chan/.m2/repository/commons-codec/commons-codec/1.9/commons-codec-1.9.jar:/Users/chan/.m2/repository/sax/sax/2.0.1/sax-2.0.1.jar:/Users/chan/.m2/repository/log4j/log4j/1.2.17/log4j-1.2.17.jar:/Users/chan/.m2/repository/org/fluttercode/datafactory/datafactory/0.8/datafactory-0.8.jar:/Users/chan/.m2/repository/javax/mail/mail/1.4/mail-1.4.jar:/Users/chan/.m2/repository/javax/activation/activation/1.1/activation-1.1.jar:/Users/chan/.m2/repository/br/eti/kinoshita/testlink-java-api/1.9.8-1/testlink-java-api-1.9.8-1.jar:/Users/chan/.m2/repository/commons-lang/commons-lang/2.5/commons-lang-2.5.jar:/Users/chan/.m2/repository/commons-io/commons-io/2.0.1/commons-io-2.0.1.jar:/Users/chan/.m2/repository/org/slf4j/slf4j-simple/1.7.5/slf4j-simple-1.7.5.jar:/Users/chan/.m2/repository/commons-configuration/commons-configuration/1.7/commons-configuration-1.7.jar:/Users/chan/.m2/repository/commons-collections/commons-collections/3.2.1/commons-collections-3.2.1.jar:/Users/chan/.m2/repository/commons-logging/commons-logging/1.1.1/commons-logging-1.1.1.jar:/Users/chan/.m2/repository/commons-digester/commons-digester/1.8.1/commons-digester-1.8.1.jar:/Users/chan/.m2/repository/commons-beanutils/commons-beanutils/1.8.3/commons-beanutils-1.8.3.jar:/Users/chan/.m2/repository/org/apache/xmlrpc/xmlrpc-common/3.1.3/xmlrpc-common-3.1.3.jar:/Users/chan/.m2/repository/org/apache/ws/commons/util/ws-commons-util/1.0.2/ws-commons-util-1.0.2.jar:/Users/chan/.m2/repository/junit/junit/3.8.1/junit-3.8.1.jar:/Users/chan/.m2/repository/org/apache/xmlrpc/xmlrpc-client/3.1.3/xmlrpc-client-3.1.3.jar:/Users/chan/.m2/repository/commons-httpclient/commons-httpclient/3.1/commons-httpclient-3.1.jar:/Users/chan/.m2/repository/org/jsoup/jsoup/1.7.3/jsoup-1.7.3.jar:/Users/chan/.m2/repository/xml-apis/xml-apis/1.4.01/xml-apis-1.4.01.jar:/Users/chan/.m2/repository/com/googlecode/json-simple/json-simple/1.1/json-simple-1.1.jar:/Users/chan/.m2/repository/org/testng/testng/6.8.8/testng-6.8.8.jar:/Users/chan/.m2/repository/org/beanshell/bsh/2.0b4/bsh-2.0b4.jar:/Users/chan/.m2/repository/com/beust/jcommander/1.27/jcommander-1.27.jar:/Users/chan/.m2/repository/com/thoughtworks/xstream/xstream/1.4.2/xstream-1.4.2.jar:/Users/chan/.m2/repository/xmlpull/xmlpull/1.1.3.1/xmlpull-1.1.3.1.jar:/Users/chan/.m2/repository/xpp3/xpp3_min/1.1.4c/xpp3_min-1.1.4c.jar:/Users/chan/.m2/repository/org/sikuli/sikuli-api/1.2.0/sikuli-api-1.2.0.jar:/Users/chan/.m2/repository/org/sikuli/sikuli-core/1.2.2/sikuli-core-1.2.2.jar:/Users/chan/.m2/repository/org/bytedeco/javacpp/0.9/javacpp-0.9.jar:/Users/chan/.m2/repository/org/bytedeco/javacpp-presets/opencv/2.4.9-0.9/opencv-2.4.9-0.9.jar:/Users/chan/.m2/repository/com/google/guava/guava/14.0.1/guava-14.0.1.jar:/Users/chan/.m2/repository/org/piccolo2d/piccolo2d-extras/1.3.1/piccolo2d-extras-1.3.1.jar:/Users/chan/.m2/repository/org/piccolo2d/piccolo2d-core/1.3.1/piccolo2d-core-1.3.1.jar:/Users/chan/.m2/repository/org/slf4j/slf4j-api/1.6.6/slf4j-api-1.6.6.jar:/Users/chan/.m2/repository/org/apache/maven/surefire/surefire-testng-utils/2.8.1/surefire-testng-utils-2.8.1.jar:"/>
    <property name="java.vm.specification.version" value="1.8"/>
    <property name="sun.arch.data.model" value="64"/>
    <property name="java.home" value="/Library/Java/JavaVirtualMachines/jdk1.8.0_73.jdk/Contents/Home/jre"/>
    <property name="sun.java.command" value="/Users/chan/git/CustomReportJava/Freshservice QA Automation/target/surefire/surefirebooter8493871416190282656.jar /Users/chan/git/CustomReportJava/Freshservice QA Automation/target/surefire/surefire921341909173214197tmp /Users/chan/git/CustomReportJava/Freshservice QA Automation/target/surefire/surefire4723926513396996775tmp"/>
    <property name="java.specification.vendor" value="Oracle Corporation"/>
    <property name="user.language" value="en"/>
    <property name="awt.toolkit" value="sun.lwawt.macosx.LWCToolkit"/>
    <property name="java.vm.info" value="mixed mode"/>
    <property name="java.version" value="1.8.0_73"/>
    <property name="java.ext.dirs" value="/Users/chan/Library/Java/Extensions:/Library/Java/JavaVirtualMachines/jdk1.8.0_73.jdk/Contents/Home/jre/lib/ext:/Library/Java/Extensions:/Network/Library/Java/Extensions:/System/Library/Java/Extensions:/usr/lib/java"/>
    <property name="sun.boot.class.path" value="/Library/Java/JavaVirtualMachines/jdk1.8.0_73.jdk/Contents/Home/jre/lib/resources.jar:/Library/Java/JavaVirtualMachines/jdk1.8.0_73.jdk/Contents/Home/jre/lib/rt.jar:/Library/Java/JavaVirtualMachines/jdk1.8.0_73.jdk/Contents/Home/jre/lib/sunrsasign.jar:/Library/Java/JavaVirtualMachines/jdk1.8.0_73.jdk/Contents/Home/jre/lib/jsse.jar:/Library/Java/JavaVirtualMachines/jdk1.8.0_73.jdk/Contents/Home/jre/lib/jce.jar:/Library/Java/JavaVirtualMachines/jdk1.8.0_73.jdk/Contents/Home/jre/lib/charsets.jar:/Library/Java/JavaVirtualMachines/jdk1.8.0_73.jdk/Contents/Home/jre/lib/jfr.jar:/Library/Java/JavaVirtualMachines/jdk1.8.0_73.jdk/Contents/Home/jre/classes"/>
    <property name="java.vendor" value="Oracle Corporation"/>
    <property name="localRepository" value="/Users/chan/.m2/repository"/>
    <property name="file.separator" value="/"/>
    <property name="java.vendor.url.bug" value="http://bugreport.sun.com/bugreport/"/>
    <property name="sun.cpu.endian" value="little"/>
    <property name="sun.io.unicode.encoding" value="UnicodeBig"/>
    <property name="socksNonProxyHosts" value="local|*.local|169.254/16|*.169.254/16"/>
    <property name="ftp.nonProxyHosts" value="local|*.local|169.254/16|*.169.254/16"/>
    <property name="sun.cpu.isalist" value=""/>
  </properties>
  <testcase classname="uitests.smoke.SampleTestClass" name="testMethod on [SampleTestClass passed=0 failed=0 skipped=0]" time="0.037"/>
  <testcase classname="uitests.smoke.SampleTestClass" name="testMethod11 on [SampleTestClass passed=0 failed=0 skipped=0]" time="0.046"/>
  <testcase classname="uitests.smoke.SampleTestClass" name="testMethod12 on [SampleTestClass passed=0 failed=0 skipped=0]" time="0.042"/>
  <testcase classname="uitests.smoke.SampleTestClass" name="testMethod13 on [SampleTestClass passed=0 failed=0 skipped=0]" time="0.043"/>
  <testcase classname="uitests.smoke.SampleTestClass" name="testMethod15 on [SampleTestClass passed=0 failed=0 skipped=0]" time="0.044"/>
  <testcase classname="uitests.smoke.chancreated" name="testMethod1 on [chancreated passed=0 failed=0 skipped=0]" time="0.049"/>
  <testcase classname="uitests.smoke.chancreated" name="testMethod2 on [chancreated passed=0 failed=0 skipped=0]" time="0.046"/>
  <testcase classname="uitests.smoke.chancreated" name="testMethod3 on [chancreated passed=0 failed=0 skipped=0]" time="0.049"/>
  <testcase classname="uitests.smoke.chancreated" name="testMethod4 on [chancreated passed=0 failed=0 skipped=0]" time="0.042"/>
  <testcase classname="uitests.smoke.chancreated" name="testMethod5 on [chancreated passed=0 failed=0 skipped=0]" time="0.046"/>
  <testcase classname="uitests.smoke.chancreated" name="testMethod6 on [chancreated passed=0 failed=0 skipped=0]" time="0.035"/>
</testsuite>