<?xml version="1.0" encoding="UTF-8"?>
<!-- Generated by org.testng.reporters.JUnitReportReporter -->
<testsuite hostname="Chan.local" name="uitests.smoke.chancreated" tests="6" failures="0" timestamp="1 Jul 2016 10:51:14 GMT" time="0.226" errors="0">
  <testcase name="testMethod3" time="0.042" classname="uitests.smoke.chancreated"/>
  <testcase name="testMethod5" time="0.031" classname="uitests.smoke.chancreated"/>
  <testcase name="testMethod6" time="0.034" classname="uitests.smoke.chancreated"/>
  <testcase name="testMethod1" time="0.035" classname="uitests.smoke.chancreated"/>
  <testcase name="testMethod2" time="0.053" classname="uitests.smoke.chancreated"/>
  <testcase name="testMethod4" time="0.031" classname="uitests.smoke.chancreated"/>
</testsuite> <!-- uitests.smoke.chancreated -->
