<?xml version="1.0" encoding="UTF-8"?>
<!-- Generated by org.testng.reporters.JUnitReportReporter -->
<testsuite hostname="Chan.local" name="uitests.smoke.SampleTestClass" tests="5" failures="0" timestamp="1 Jul 2016 10:51:14 GMT" time="0.271" errors="0">
  <testcase name="testMethod11" time="0.042" classname="uitests.smoke.SampleTestClass"/>
  <testcase name="testMethod15" time="0.046" classname="uitests.smoke.SampleTestClass"/>
  <testcase name="testMethod13" time="0.055" classname="uitests.smoke.SampleTestClass"/>
  <testcase name="testMethod" time="0.076" classname="uitests.smoke.SampleTestClass"/>
  <testcase name="testMethod12" time="0.052" classname="uitests.smoke.SampleTestClass"/>
</testsuite> <!-- uitests.smoke.SampleTestClass -->
